Running database migrations...
2026/01/11 18:01:53 Starting database migrations...
2026/01/11 18:01:53 Migration 000_create_base_schema already applied, skipping
2026/01/11 18:01:53 Migration 001_add_user_game_fields already applied, skipping
2026/01/11 18:01:53 Migration 002_create_daily_color_table already applied, skipping
2026/01/11 18:01:53 Migration 003_create_daily_scores_table already applied, skipping
2026/01/11 18:01:53 Migration 004_create_daily_leaderboard_table already applied, skipping
2026/01/11 18:01:53 Applying migration 005_create_shop_system...
2026/01/11 18:01:53 Successfully applied migration 005_create_shop_system
2026/01/11 18:01:53 Applying migration 006_seed_shop_items...
2026/01/11 18:01:53 Successfully applied migration 006_seed_shop_items
2026/01/11 18:01:53 All migrations completed successfully
2026/01/11 18:01:53 Scheduler started. Next daily color generation in 5h58m6.008481s
Color Game API Starting...
starting server on port :8080
2026/01/12 03:22:56 Generating daily color...
2026/01/12 03:22:56 Successfully generated daily color: Jade (RGB: 73,150,122) for 2026-01-12
2026/01/13 07:03:24 Generating daily color...
2026/01/13 07:03:25 Successfully generated daily color: Malibu (RGB: 104,219,254) for 2026-01-13
shutting down server with signal terminated
completing background tasks before shutting down...
stopped server :8080
